<?xml version="1.0" encoding="UTF-8"?>
<!-- Generated by org.testng.reporters.JUnitXMLReporter -->
<testsuite ignored="0" hostname="DESKTOP-755ID5B" failures="5" tests="8" name="assign5" time="3.601" errors="0" timestamp="2022-11-21T21:58:56 MST">
  <testcase classname="SampleTest" name="applesBtntoBanana" time="0.841">
    <failure type="java.lang.AssertionError" message="expected [Apples.html] but found [Bananas2.html]">
      <![CDATA[java.lang.AssertionError: expected [Apples.html] but found [Bananas2.html]
at SampleTest.applesBtntoBanana(SampleTest.java:83)
at java.base/java.util.ArrayList.forEach(ArrayList.java:1511)
at com.intellij.rt.testng.IDEARemoteTestNG.run(IDEARemoteTestNG.java:66)
at com.intellij.rt.testng.RemoteTestNGStarter.main(RemoteTestNGStarter.java:109)
... Removed 30 stack frames]]>
    </failure>
  </testcase> <!-- applesBtntoBanana -->
  <testcase classname="SampleTest" name="verifyAppleImgExists" time="0.019"/>
  <testcase classname="SampleTest" name="verifyBananaImg" time="0.021"/>
  <testcase classname="SampleTest" name="verifyBananaImgExists" time="0.071">
    <failure type="java.lang.AssertionError" message="expected [https://i.ytimg.com/vi/SpAHPXNhAwk/maxresdefault.jpg] but found []">
      <![CDATA[java.lang.AssertionError: expected [https://i.ytimg.com/vi/SpAHPXNhAwk/maxresdefault.jpg] but found []
at SampleTest.verifyBananaImgExists(SampleTest.java:52)
at java.base/java.util.ArrayList.forEach(ArrayList.java:1511)
at com.intellij.rt.testng.IDEARemoteTestNG.run(IDEARemoteTestNG.java:66)
at com.intellij.rt.testng.RemoteTestNGStarter.main(RemoteTestNGStarter.java:109)
... Removed 30 stack frames]]>
    </failure>
  </testcase> <!-- verifyBananaImgExists -->
  <testcase classname="SampleTest" name="verifyBananaImgWidth" time="0.014">
    <failure type="java.lang.AssertionError" message="expected [400] but found [600]">
      <![CDATA[java.lang.AssertionError: expected [400] but found [600]
at SampleTest.verifyBananaImgWidth(SampleTest.java:67)
at java.base/java.util.ArrayList.forEach(ArrayList.java:1511)
at com.intellij.rt.testng.IDEARemoteTestNG.run(IDEARemoteTestNG.java:66)
at com.intellij.rt.testng.RemoteTestNGStarter.main(RemoteTestNGStarter.java:109)
... Removed 30 stack frames]]>
    </failure>
  </testcase> <!-- verifyBananaImgWidth -->
  <testcase classname="SampleTest" name="verifyNavigation" time="1.027"/>
  <testcase classname="SampleTest" name="verifyTextInApples" time="0.084">
    <failure type="java.lang.AssertionError" message="expected [Worm Wiggled Into An Apple] but found [Worms Wiggled Into Many Apples]">
      <![CDATA[java.lang.AssertionError: expected [Worm Wiggled Into An Apple] but found [Worms Wiggled Into Many Apples]
at SampleTest.verifyTextInApples(SampleTest.java:42)
at java.base/java.util.ArrayList.forEach(ArrayList.java:1511)
at com.intellij.rt.testng.IDEARemoteTestNG.run(IDEARemoteTestNG.java:66)
at com.intellij.rt.testng.RemoteTestNGStarter.main(RemoteTestNGStarter.java:109)
... Removed 30 stack frames]]>
    </failure>
  </testcase> <!-- verifyTextInApples -->
  <testcase classname="SampleTest" name="verifyTitle" time="0.007">
    <failure type="java.lang.AssertionError" message="expected [Fountain of Fruit] but found [Fountain of Fruitssss]">
      <![CDATA[java.lang.AssertionError: expected [Fountain of Fruit] but found [Fountain of Fruitssss]
at SampleTest.verifyTitle(SampleTest.java:33)
at java.base/java.util.ArrayList.forEach(ArrayList.java:1511)
at com.intellij.rt.testng.IDEARemoteTestNG.run(IDEARemoteTestNG.java:66)
at com.intellij.rt.testng.RemoteTestNGStarter.main(RemoteTestNGStarter.java:109)
... Removed 30 stack frames]]>
    </failure>
  </testcase> <!-- verifyTitle -->
</testsuite> <!-- assign5 -->
